Using pre-set license
Built from '2020.3/staging' branch; Version is '2020.3.11f1 (99c7afb366b3) revision 10078127'; Using compiler version '192528614'; Build Type 'Release'
OS: 'Windows 10 Home; OS build 19043.1165; Version 2009; 64bit' Language: 'en' Physical Memory: 65444 MB
BatchMode: 1, IsHumanControllingUs: 0, StartBugReporterOnCrash: 0, Is64bit: 1, IsPro: 0

 COMMAND LINE ARGUMENTS:
C:\Program Files\Unity\Hub\Editor\2020.3.11f1\Editor\Unity.exe
-adb2
-batchMode
-noUpm
-name
AssetImportWorker0
-projectPath
C:/Users/karya/Documents/UnityProjects/OceanGame/OceanGame
-logFile
Logs/AssetImportWorker0.log
-srvPort
64802
Successfully changed project path to: C:/Users/karya/Documents/UnityProjects/OceanGame/OceanGame
C:/Users/karya/Documents/UnityProjects/OceanGame/OceanGame
Using Asset Import Pipeline V2.
Refreshing native plugins compatible for Editor in 48.15 ms, found 3 plugins.
Preloading 0 native plugins for Editor in 0.00 ms.
Initialize engine version: 2020.3.11f1 (99c7afb366b3)
[Subsystems] Discovering subsystems at path C:/Program Files/Unity/Hub/Editor/2020.3.11f1/Editor/Data/Resources/UnitySubsystems
[Subsystems] Discovering subsystems at path C:/Users/karya/Documents/UnityProjects/OceanGame/OceanGame/Assets
GfxDevice: creating device client; threaded=0
Direct3D:
    Version:  Direct3D 11.0 [level 11.1]
    Renderer: NVIDIA GeForce RTX 2080 (ID=0x1e82)
    Vendor:   
    VRAM:     8010 MB
    Driver:   30.0.14.7141
Initialize mono
Mono path[0] = 'C:/Program Files/Unity/Hub/Editor/2020.3.11f1/Editor/Data/Managed'
Mono path[1] = 'C:/Program Files/Unity/Hub/Editor/2020.3.11f1/Editor/Data/MonoBleedingEdge/lib/mono/unityjit'
Mono config path = 'C:/Program Files/Unity/Hub/Editor/2020.3.11f1/Editor/Data/MonoBleedingEdge/etc'
Using monoOptions --debugger-agent=transport=dt_socket,embedding=1,server=y,suspend=n,address=127.0.0.1:56040
Begin MonoManager ReloadAssembly
Registering precompiled unity dll's ...
Register platform support module: C:/Program Files/Unity/Hub/Editor/2020.3.11f1/Editor/Data/PlaybackEngines/WebGLSupport/UnityEditor.WebGL.Extensions.dll
Register platform support module: C:/Program Files/Unity/Hub/Editor/2020.3.11f1/Editor/Data/PlaybackEngines/WindowsStandaloneSupport/UnityEditor.WindowsStandalone.Extensions.dll
Registered in 0.001826 seconds.
Native extension for WindowsStandalone target not found
Native extension for WebGL target not found
Refreshing native plugins compatible for Editor in 26.72 ms, found 3 plugins.
Preloading 0 native plugins for Editor in 0.00 ms.
Mono: successfully reloaded assembly
- Completed reload, in  1.751 seconds
Platform modules already initialized, skipping
Registering precompiled user dll's ...
Registered in 0.004986 seconds.
Begin MonoManager ReloadAssembly
Native extension for WindowsStandalone target not found
Native extension for WebGL target not found
Refreshing native plugins compatible for Editor in 26.67 ms, found 3 plugins.
Preloading 0 native plugins for Editor in 0.00 ms.
Mono: successfully reloaded assembly
- Completed reload, in  0.694 seconds
Platform modules already initialized, skipping
========================================================================
Worker process is ready to serve import requests
Launched and connected shader compiler UnityShaderCompiler.exe after 0.04 seconds
Refreshing native plugins compatible for Editor in 0.42 ms, found 3 plugins.
Preloading 0 native plugins for Editor in 0.00 ms.
Unloading 2080 Unused Serialized files (Serialized files now loaded: 0)
System memory in use before: 92.9 MB.
System memory in use after: 92.8 MB.

Unloading 33 unused Assets to reduce memory usage. Loaded Objects now: 2513.
Total: 1.738200 ms (FindLiveObjects: 0.142500 ms CreateObjectMapping: 0.039200 ms MarkObjects: 1.454200 ms  DeleteObjects: 0.101800 ms)

========================================================================
Received Import Request.
  path: Assets/Materials
  artifactKey: Guid(14cb625bd5191fd4a972bd98469b44aa) Importer(815301076,1909f56bfc062723c751e8b465ee728b)
Start importing Assets/Materials using Guid(14cb625bd5191fd4a972bd98469b44aa) Importer(815301076,1909f56bfc062723c751e8b465ee728b)  -> (artifact id: '762a377c73b3e7ec4dce1cb6a2b10174') in 0.004272 seconds
  Import took 0.006403 seconds .

========================================================================
Received Import Request.
  Time since last request: 13.389628 seconds.
  path: Assets/Materials/MT_ocean.mat
  artifactKey: Guid(e560b830396189e46bbefb1933157c33) Importer(815301076,1909f56bfc062723c751e8b465ee728b)
Start importing Assets/Materials/MT_ocean.mat using Guid(e560b830396189e46bbefb1933157c33) Importer(815301076,1909f56bfc062723c751e8b465ee728b)  -> (artifact id: '75c5aa79a2dcdb68cdb362db28a042a3') in 0.070535 seconds
  Import took 0.073242 seconds .

========================================================================
Received Import Request.
  Time since last request: 7.586819 seconds.
  path: Assets/Materials/MT_sky.mat
  artifactKey: Guid(e0d8c7b0315d56940844e443dff56c1e) Importer(815301076,1909f56bfc062723c751e8b465ee728b)
Start importing Assets/Materials/MT_sky.mat using Guid(e0d8c7b0315d56940844e443dff56c1e) Importer(815301076,1909f56bfc062723c751e8b465ee728b)  -> (artifact id: 'af2a466d041e025c4551e6bd96a0210e') in 0.014774 seconds
  Import took 0.017199 seconds .

========================================================================
Received Import Request.
  Time since last request: 560.556717 seconds.
  path: Assets/New Folder
  artifactKey: Guid(e93956def43c84743ae38dd0c92ed249) Importer(815301076,1909f56bfc062723c751e8b465ee728b)
Start importing Assets/New Folder using Guid(e93956def43c84743ae38dd0c92ed249) Importer(815301076,1909f56bfc062723c751e8b465ee728b)  -> (artifact id: 'f4d9a796332ba5bbeb999324ae67c1bf') in 0.001700 seconds
  Import took 0.004426 seconds .

========================================================================
Received Import Request.
  Time since last request: 0.028510 seconds.
  path: Assets/New Folder
  artifactKey: Guid(e93956def43c84743ae38dd0c92ed249) Importer(815301076,1909f56bfc062723c751e8b465ee728b)
Start importing Assets/New Folder using Guid(e93956def43c84743ae38dd0c92ed249) Importer(815301076,1909f56bfc062723c751e8b465ee728b)  -> (artifact id: 'f4d9a796332ba5bbeb999324ae67c1bf') in 0.001391 seconds
  Import took 0.003317 seconds .

========================================================================
Received Import Request.
  Time since last request: 9.101252 seconds.
  path: Assets/Sprites
  artifactKey: Guid(e93956def43c84743ae38dd0c92ed249) Importer(815301076,1909f56bfc062723c751e8b465ee728b)
Start importing Assets/Sprites using Guid(e93956def43c84743ae38dd0c92ed249) Importer(815301076,1909f56bfc062723c751e8b465ee728b)  -> (artifact id: '96383613c9fed17a654118777a077b34') in 0.001519 seconds
  Import took 0.003710 seconds .

========================================================================
Received Import Request.
  Time since last request: 1.349188 seconds.
  path: Assets/Sprites/Dugong.png
  artifactKey: Guid(55116fd5d7c408a438987708130642ed) Importer(815301076,1909f56bfc062723c751e8b465ee728b)
Start importing Assets/Sprites/Dugong.png using Guid(55116fd5d7c408a438987708130642ed) Importer(815301076,1909f56bfc062723c751e8b465ee728b)  -> (artifact id: 'c49ae3d9cd4611fd020a8d411985b10f') in 0.047343 seconds
  Import took 0.049986 seconds .

========================================================================
Received Import Request.
  Time since last request: 14.391734 seconds.
  path: Assets/Sprites/Dugong.png
  artifactKey: Guid(55116fd5d7c408a438987708130642ed) Importer(815301076,1909f56bfc062723c751e8b465ee728b)
Start importing Assets/Sprites/Dugong.png using Guid(55116fd5d7c408a438987708130642ed) Importer(815301076,1909f56bfc062723c751e8b465ee728b)  -> (artifact id: '856fe69167270deef5770282840e6bba') in 0.024156 seconds
  Import took 0.026673 seconds .

========================================================================
Received Import Request.
  Time since last request: 3.820872 seconds.
  path: Assets/Sprites/Dugong.png
  artifactKey: Guid(55116fd5d7c408a438987708130642ed) Importer(815301076,1909f56bfc062723c751e8b465ee728b)
Start importing Assets/Sprites/Dugong.png using Guid(55116fd5d7c408a438987708130642ed) Importer(815301076,1909f56bfc062723c751e8b465ee728b)  -> (artifact id: 'b9626735a65f212bd814e9080880131d') in 0.010842 seconds
  Import took 0.013334 seconds .

========================================================================
Received Import Request.
  Time since last request: 16.840089 seconds.
  path: Assets/Sprites/Dugong.png
  artifactKey: Guid(55116fd5d7c408a438987708130642ed) Importer(815301076,1909f56bfc062723c751e8b465ee728b)
Start importing Assets/Sprites/Dugong.png using Guid(55116fd5d7c408a438987708130642ed) Importer(815301076,1909f56bfc062723c751e8b465ee728b)  -> (artifact id: 'f87b44853fff8413ff57e32c2b3805f1') in 0.038448 seconds
  Import took 0.041146 seconds .

========================================================================
Received Import Request.
  Time since last request: 2.419186 seconds.
  path: Assets/Sprites/Dugong.png
  artifactKey: Guid(55116fd5d7c408a438987708130642ed) Importer(815301076,1909f56bfc062723c751e8b465ee728b)
Start importing Assets/Sprites/Dugong.png using Guid(55116fd5d7c408a438987708130642ed) Importer(815301076,1909f56bfc062723c751e8b465ee728b)  -> (artifact id: '27e2d237db15fc871a39d407eea2750f') in 0.008774 seconds
  Import took 0.011295 seconds .

========================================================================
Received Prepare
Registering precompiled user dll's ...
Registered in 0.142918 seconds.
Begin MonoManager ReloadAssembly
Native extension for WindowsStandalone target not found
Native extension for WebGL target not found
Refreshing native plugins compatible for Editor in 0.40 ms, found 3 plugins.
Preloading 0 native plugins for Editor in 0.00 ms.
Mono: successfully reloaded assembly
- Completed reload, in  1.766 seconds
Platform modules already initialized, skipping
Refreshing native plugins compatible for Editor in 0.43 ms, found 3 plugins.
Preloading 0 native plugins for Editor in 0.00 ms.
Unloading 2075 Unused Serialized files (Serialized files now loaded: 0)
System memory in use before: 96.0 MB.
System memory in use after: 96.0 MB.

Unloading 21 unused Assets to reduce memory usage. Loaded Objects now: 2560.
Total: 1.679100 ms (FindLiveObjects: 0.135800 ms CreateObjectMapping: 0.039300 ms MarkObjects: 1.426400 ms  DeleteObjects: 0.076900 ms)

========================================================================
Received Prepare
Registering precompiled user dll's ...
Registered in 0.003242 seconds.
Begin MonoManager ReloadAssembly
Native extension for WindowsStandalone target not found
Native extension for WebGL target not found
Refreshing native plugins compatible for Editor in 0.40 ms, found 3 plugins.
Preloading 0 native plugins for Editor in 0.00 ms.
Mono: successfully reloaded assembly
- Completed reload, in  0.635 seconds
Platform modules already initialized, skipping
Refreshing native plugins compatible for Editor in 0.26 ms, found 3 plugins.
Preloading 0 native plugins for Editor in 0.00 ms.
Unloading 2075 Unused Serialized files (Serialized files now loaded: 0)
System memory in use before: 96.0 MB.
System memory in use after: 96.0 MB.

Unloading 21 unused Assets to reduce memory usage. Loaded Objects now: 2564.
Total: 1.648400 ms (FindLiveObjects: 0.158700 ms CreateObjectMapping: 0.053000 ms MarkObjects: 1.384500 ms  DeleteObjects: 0.051700 ms)

========================================================================
Received Import Request.
  Time since last request: 12150.792790 seconds.
  path: Assets/Materials/MT_sky.mat
  artifactKey: Guid(e0d8c7b0315d56940844e443dff56c1e) Importer(815301076,1909f56bfc062723c751e8b465ee728b)
Start importing Assets/Materials/MT_sky.mat using Guid(e0d8c7b0315d56940844e443dff56c1e) Importer(815301076,1909f56bfc062723c751e8b465ee728b)  -> (artifact id: '76812d4828907a2a2faed8f764771b19') in 0.034105 seconds
  Import took 0.036522 seconds .

========================================================================
Received Import Request.
  Time since last request: 0.000169 seconds.
  path: Assets/Materials/MT_ocean.mat
  artifactKey: Guid(e560b830396189e46bbefb1933157c33) Importer(815301076,1909f56bfc062723c751e8b465ee728b)
Start importing Assets/Materials/MT_ocean.mat using Guid(e560b830396189e46bbefb1933157c33) Importer(815301076,1909f56bfc062723c751e8b465ee728b)  -> (artifact id: 'e63c8af8b02df4967459d7e17b83999a') in 0.004706 seconds
  Import took 0.006433 seconds .

========================================================================
Received Import Request.
  Time since last request: 3.833644 seconds.
  path: Assets/Materials/MT_sun.mat
  artifactKey: Guid(e02b92d9eaf3a85469d1e38a6aaf8de4) Importer(815301076,1909f56bfc062723c751e8b465ee728b)
Start importing Assets/Materials/MT_sun.mat using Guid(e02b92d9eaf3a85469d1e38a6aaf8de4) Importer(815301076,1909f56bfc062723c751e8b465ee728b)  -> (artifact id: '01d936f5b46c59bbc82c253f49387e05') in 0.010552 seconds
  Import took 0.013197 seconds .

========================================================================
Received Prepare
Registering precompiled user dll's ...
Registered in 0.003162 seconds.
Begin MonoManager ReloadAssembly
Native extension for WindowsStandalone target not found
Native extension for WebGL target not found
Refreshing native plugins compatible for Editor in 0.41 ms, found 3 plugins.
Preloading 0 native plugins for Editor in 0.00 ms.
Mono: successfully reloaded assembly
- Completed reload, in  0.624 seconds
Platform modules already initialized, skipping
Refreshing native plugins compatible for Editor in 0.32 ms, found 3 plugins.
Preloading 0 native plugins for Editor in 0.00 ms.
Unloading 2075 Unused Serialized files (Serialized files now loaded: 0)
System memory in use before: 96.1 MB.
System memory in use after: 96.1 MB.

Unloading 21 unused Assets to reduce memory usage. Loaded Objects now: 2569.
Total: 1.987900 ms (FindLiveObjects: 0.186000 ms CreateObjectMapping: 0.043800 ms MarkObjects: 1.658600 ms  DeleteObjects: 0.099000 ms)

========================================================================
Received Prepare
Registering precompiled user dll's ...
Registered in 0.003292 seconds.
Begin MonoManager ReloadAssembly
Native extension for WindowsStandalone target not found
Native extension for WebGL target not found
Refreshing native plugins compatible for Editor in 0.40 ms, found 3 plugins.
Preloading 0 native plugins for Editor in 0.00 ms.
Mono: successfully reloaded assembly
- Completed reload, in  0.617 seconds
Platform modules already initialized, skipping
Refreshing native plugins compatible for Editor in 0.33 ms, found 3 plugins.
Preloading 0 native plugins for Editor in 0.00 ms.
Unloading 2075 Unused Serialized files (Serialized files now loaded: 0)
System memory in use before: 96.1 MB.
System memory in use after: 96.1 MB.

Unloading 21 unused Assets to reduce memory usage. Loaded Objects now: 2573.
Total: 1.977700 ms (FindLiveObjects: 0.150000 ms CreateObjectMapping: 0.038000 ms MarkObjects: 1.690600 ms  DeleteObjects: 0.098700 ms)

========================================================================
Received Import Request.
  Time since last request: 287.432225 seconds.
  path: Assets/Materials/MT_sun.mat
  artifactKey: Guid(e02b92d9eaf3a85469d1e38a6aaf8de4) Importer(815301076,1909f56bfc062723c751e8b465ee728b)
Start importing Assets/Materials/MT_sun.mat using Guid(e02b92d9eaf3a85469d1e38a6aaf8de4) Importer(815301076,1909f56bfc062723c751e8b465ee728b)  -> (artifact id: '74172f0045d99e398928e010a726eb7e') in 0.036846 seconds
  Import took 0.039264 seconds .

========================================================================
Received Import Request.
  Time since last request: 882.836354 seconds.
  path: Assets/Sprites/PngItem_1004123.png
  artifactKey: Guid(7458c366948be33448c16f6a7dd2df68) Importer(815301076,1909f56bfc062723c751e8b465ee728b)
Start importing Assets/Sprites/PngItem_1004123.png using Guid(7458c366948be33448c16f6a7dd2df68) Importer(815301076,1909f56bfc062723c751e8b465ee728b)  -> (artifact id: 'cf0a742aaef8ff27b1c22c87a839b3fb') in 0.024261 seconds
  Import took 0.027082 seconds .

========================================================================
Received Import Request.
  Time since last request: 0.000155 seconds.
  path: Assets/Sprites/PngItem_1748395.png
  artifactKey: Guid(18b07211b6c9faa408e1731ba2efea33) Importer(815301076,1909f56bfc062723c751e8b465ee728b)
Start importing Assets/Sprites/PngItem_1748395.png using Guid(18b07211b6c9faa408e1731ba2efea33) Importer(815301076,1909f56bfc062723c751e8b465ee728b)  -> (artifact id: 'd40c1d7f2215cbbfaa90ffc2c0f6ba45') in 0.019038 seconds
  Import took 0.021256 seconds .

========================================================================
Received Import Request.
  Time since last request: 0.000142 seconds.
  path: Assets/Sprites/PngItem_3045713.png
  artifactKey: Guid(b4d14eaf8ebf57343a3cbc80ab30b73d) Importer(815301076,1909f56bfc062723c751e8b465ee728b)
Start importing Assets/Sprites/PngItem_3045713.png using Guid(b4d14eaf8ebf57343a3cbc80ab30b73d) Importer(815301076,1909f56bfc062723c751e8b465ee728b)  -> (artifact id: '85d15f4fe0eb864f5ce3176f2a9fa691') in 0.052730 seconds
  Import took 0.054815 seconds .

========================================================================
Received Import Request.
  Time since last request: 0.000149 seconds.
  path: Assets/Sprites/PngItem_1420620.png
  artifactKey: Guid(bdfb4d7637cf74040a97422b83f2e9c4) Importer(815301076,1909f56bfc062723c751e8b465ee728b)
Start importing Assets/Sprites/PngItem_1420620.png using Guid(bdfb4d7637cf74040a97422b83f2e9c4) Importer(815301076,1909f56bfc062723c751e8b465ee728b)  -> (artifact id: '9e32823e049150891bbddd775449d499') in 0.025478 seconds
  Import took 0.027339 seconds .

========================================================================
Received Import Request.
  Time since last request: 0.000125 seconds.
  path: Assets/Sprites/PngItem_1972137.png
  artifactKey: Guid(90d3ec322e503fd44890ceec19d28808) Importer(815301076,1909f56bfc062723c751e8b465ee728b)
Start importing Assets/Sprites/PngItem_1972137.png using Guid(90d3ec322e503fd44890ceec19d28808) Importer(815301076,1909f56bfc062723c751e8b465ee728b)  -> (artifact id: 'f06f2fdc689222d1cb943ab66a092707') in 0.039532 seconds
  Import took 0.041765 seconds .

========================================================================
Received Import Request.
  Time since last request: 0.000137 seconds.
  path: Assets/Sprites/PngItem_1310666.png
  artifactKey: Guid(e4abccab022344c45be283796d18f74f) Importer(815301076,1909f56bfc062723c751e8b465ee728b)
Start importing Assets/Sprites/PngItem_1310666.png using Guid(e4abccab022344c45be283796d18f74f) Importer(815301076,1909f56bfc062723c751e8b465ee728b)  -> (artifact id: '5cd9393ea8ed510b6437714317e80869') in 0.026014 seconds
  Import took 0.027794 seconds .

========================================================================
Received Import Request.
  Time since last request: 0.000132 seconds.
  path: Assets/Sprites/PngItem_2822017.png
  artifactKey: Guid(48a32d0271f17394d8ee2c4b7c1c02b7) Importer(815301076,1909f56bfc062723c751e8b465ee728b)
Start importing Assets/Sprites/PngItem_2822017.png using Guid(48a32d0271f17394d8ee2c4b7c1c02b7) Importer(815301076,1909f56bfc062723c751e8b465ee728b)  -> (artifact id: 'f720acbddc52b022bde058a1fdb93c8e') in 0.046988 seconds
  Import took 0.049156 seconds .

========================================================================
Received Import Request.
  Time since last request: 0.000158 seconds.
  path: Assets/Sprites/PngItem_4146313.png
  artifactKey: Guid(6e1eeb5c38bb3804595fb7713b4f4e34) Importer(815301076,1909f56bfc062723c751e8b465ee728b)
Start importing Assets/Sprites/PngItem_4146313.png using Guid(6e1eeb5c38bb3804595fb7713b4f4e34) Importer(815301076,1909f56bfc062723c751e8b465ee728b)  -> (artifact id: '096a9def290f668d60dc2ba82c7312b2') in 0.033177 seconds
  Import took 0.035394 seconds .

========================================================================
Received Import Request.
  Time since last request: 11.665050 seconds.
  path: Assets/Sprites/PngItem_3045713.png
  artifactKey: Guid(b4d14eaf8ebf57343a3cbc80ab30b73d) Importer(815301076,1909f56bfc062723c751e8b465ee728b)
Start importing Assets/Sprites/PngItem_3045713.png using Guid(b4d14eaf8ebf57343a3cbc80ab30b73d) Importer(815301076,1909f56bfc062723c751e8b465ee728b)  -> (artifact id: '9fbf88c41f65531db4596a61db629099') in 0.028141 seconds
  Import took 0.030764 seconds .

========================================================================
Received Import Request.
  Time since last request: 2.933501 seconds.
  path: Assets/Sprites/PngItem_3045713.png
  artifactKey: Guid(b4d14eaf8ebf57343a3cbc80ab30b73d) Importer(815301076,1909f56bfc062723c751e8b465ee728b)
Start importing Assets/Sprites/PngItem_3045713.png using Guid(b4d14eaf8ebf57343a3cbc80ab30b73d) Importer(815301076,1909f56bfc062723c751e8b465ee728b)  -> (artifact id: 'e29c4a6a780b2fbec9a9f1e27b7da000') in 0.008422 seconds
  Import took 0.011207 seconds .

========================================================================
Received Import Request.
  Time since last request: 189.884711 seconds.
  path: Assets/Sprites/PngItem_3045713.png
  artifactKey: Guid(b4d14eaf8ebf57343a3cbc80ab30b73d) Importer(815301076,1909f56bfc062723c751e8b465ee728b)
Start importing Assets/Sprites/PngItem_3045713.png using Guid(b4d14eaf8ebf57343a3cbc80ab30b73d) Importer(815301076,1909f56bfc062723c751e8b465ee728b)  -> (artifact id: '0ed7913a8bb96d9903e76942b20a8019') in 0.009150 seconds
  Import took 0.011811 seconds .

========================================================================
Received Prepare
Registering precompiled user dll's ...
Registered in 0.003803 seconds.
Begin MonoManager ReloadAssembly
Native extension for WindowsStandalone target not found
Native extension for WebGL target not found
Refreshing native plugins compatible for Editor in 0.42 ms, found 3 plugins.
Preloading 0 native plugins for Editor in 0.00 ms.
Mono: successfully reloaded assembly
- Completed reload, in  0.620 seconds
Platform modules already initialized, skipping
Refreshing native plugins compatible for Editor in 0.31 ms, found 3 plugins.
Preloading 0 native plugins for Editor in 0.00 ms.
Unloading 2075 Unused Serialized files (Serialized files now loaded: 0)
System memory in use before: 96.1 MB.
System memory in use after: 96.1 MB.

Unloading 21 unused Assets to reduce memory usage. Loaded Objects now: 2593.
Total: 2.031600 ms (FindLiveObjects: 0.170700 ms CreateObjectMapping: 0.045600 ms MarkObjects: 1.714700 ms  DeleteObjects: 0.099600 ms)

========================================================================
Received Import Request.
  Time since last request: 340.664958 seconds.
  path: Assets/Sprites/PngItem_4146313.png
  artifactKey: Guid(6e1eeb5c38bb3804595fb7713b4f4e34) Importer(815301076,1909f56bfc062723c751e8b465ee728b)
Start importing Assets/Sprites/PngItem_4146313.png using Guid(6e1eeb5c38bb3804595fb7713b4f4e34) Importer(815301076,1909f56bfc062723c751e8b465ee728b)  -> (artifact id: '416ca9a8e73b082791665091a9a2101f') in 0.032209 seconds
  Import took 0.034608 seconds .

========================================================================
Received Import Request.
  Time since last request: 21.521162 seconds.
  path: Assets/Sprites/PngItem_4146313.png
  artifactKey: Guid(6e1eeb5c38bb3804595fb7713b4f4e34) Importer(815301076,1909f56bfc062723c751e8b465ee728b)
Start importing Assets/Sprites/PngItem_4146313.png using Guid(6e1eeb5c38bb3804595fb7713b4f4e34) Importer(815301076,1909f56bfc062723c751e8b465ee728b)  -> (artifact id: '6da10854f917bb2436938872795a8e4b') in 0.024516 seconds
  Import took 0.027114 seconds .

========================================================================
Received Import Request.
  Time since last request: 248.830972 seconds.
  path: Assets/Sprites/PngItem_4146313.png
  artifactKey: Guid(6e1eeb5c38bb3804595fb7713b4f4e34) Importer(815301076,1909f56bfc062723c751e8b465ee728b)
Start importing Assets/Sprites/PngItem_4146313.png using Guid(6e1eeb5c38bb3804595fb7713b4f4e34) Importer(815301076,1909f56bfc062723c751e8b465ee728b)  -> (artifact id: '5a69bfcd6c6dd6e00097d46c25f9b177') in 0.046610 seconds
  Import took 0.049642 seconds .

========================================================================
Received Import Request.
  Time since last request: 187.469292 seconds.
  path: Assets/Sprites/PngItem_4146313.png
  artifactKey: Guid(6e1eeb5c38bb3804595fb7713b4f4e34) Importer(815301076,1909f56bfc062723c751e8b465ee728b)
Start importing Assets/Sprites/PngItem_4146313.png using Guid(6e1eeb5c38bb3804595fb7713b4f4e34) Importer(815301076,1909f56bfc062723c751e8b465ee728b)  -> (artifact id: '59c505ee49f3d3dcdb7a2ac5cec3cece') in 0.035333 seconds
  Import took 0.037983 seconds .

========================================================================
Received Import Request.
  Time since last request: 119.056175 seconds.
  path: Assets/Sprites/PngItem_4146313.png
  artifactKey: Guid(6e1eeb5c38bb3804595fb7713b4f4e34) Importer(815301076,1909f56bfc062723c751e8b465ee728b)
Start importing Assets/Sprites/PngItem_4146313.png using Guid(6e1eeb5c38bb3804595fb7713b4f4e34) Importer(815301076,1909f56bfc062723c751e8b465ee728b)  -> (artifact id: '762a6c4dcef0f2e8bcfcd9a6ca573f91') in 0.032065 seconds
  Import took 0.034648 seconds .

========================================================================
Received Import Request.
  Time since last request: 93.498825 seconds.
  path: Assets/Sprites/Dugong.png
  artifactKey: Guid(55116fd5d7c408a438987708130642ed) Importer(815301076,1909f56bfc062723c751e8b465ee728b)
Start importing Assets/Sprites/Dugong.png using Guid(55116fd5d7c408a438987708130642ed) Importer(815301076,1909f56bfc062723c751e8b465ee728b)  -> (artifact id: '34d0417c7391dcb190c1d62af59756ae') in 0.022374 seconds
  Import took 0.025159 seconds .

========================================================================
Received Import Request.
  Time since last request: 4.930720 seconds.
  path: Assets/Sprites/Dugong.png
  artifactKey: Guid(55116fd5d7c408a438987708130642ed) Importer(815301076,1909f56bfc062723c751e8b465ee728b)
Start importing Assets/Sprites/Dugong.png using Guid(55116fd5d7c408a438987708130642ed) Importer(815301076,1909f56bfc062723c751e8b465ee728b)  -> (artifact id: 'aad72333489b541b433157bef273dbd7') in 0.015361 seconds
  Import took 0.017907 seconds .

========================================================================
Received Prepare
Registering precompiled user dll's ...
Registered in 0.003420 seconds.
Begin MonoManager ReloadAssembly
Native extension for WindowsStandalone target not found
Native extension for WebGL target not found
Refreshing native plugins compatible for Editor in 30.27 ms, found 3 plugins.
Preloading 0 native plugins for Editor in 0.00 ms.
Mono: successfully reloaded assembly
- Completed reload, in  0.549 seconds
Platform modules already initialized, skipping
Refreshing native plugins compatible for Editor in 0.44 ms, found 3 plugins.
Preloading 0 native plugins for Editor in 0.00 ms.
Unloading 2371 Unused Serialized files (Serialized files now loaded: 0)
System memory in use before: 105.3 MB.
System memory in use after: 105.4 MB.

Unloading 19 unused Assets to reduce memory usage. Loaded Objects now: 2887.
Total: 1.615900 ms (FindLiveObjects: 0.207400 ms CreateObjectMapping: 0.050700 ms MarkObjects: 1.275600 ms  DeleteObjects: 0.081500 ms)

AssetImportWorkerClient::OnTransportError - code=2 error=End of file
